0 info it worked if it ends with ok
1 verbose cli [ 'C:\\Program Files\\nodejs\\node.exe',
1 verbose cli   'C:\\Program Files\\nodejs\\node_modules\\npm\\bin\\npm-cli.js',
1 verbose cli   'cache',
1 verbose cli   'clean' ]
2 info using npm@3.10.10
3 info using node@v6.11.3
4 silly ls normalized .
5 silly gentlyRm C:\Users\siume\AppData\Roaming\npm-cache\_locks is being purged
6 verbose gentlyRm don't care about contents; nuking C:\Users\siume\AppData\Roaming\npm-cache\_locks
7 silly gentlyRm C:\Users\siume\AppData\Roaming\npm-cache\abbrev is being purged
8 verbose gentlyRm don't care about contents; nuking C:\Users\siume\AppData\Roaming\npm-cache\abbrev
9 silly gentlyRm C:\Users\siume\AppData\Roaming\npm-cache\ansi-align is being purged
10 verbose gentlyRm don't care about contents; nuking C:\Users\siume\AppData\Roaming\npm-cache\ansi-align
11 silly gentlyRm C:\Users\siume\AppData\Roaming\npm-cache\ansi-regex is being purged
12 verbose gentlyRm don't care about contents; nuking C:\Users\siume\AppData\Roaming\npm-cache\ansi-regex
13 silly gentlyRm C:\Users\siume\AppData\Roaming\npm-cache\ansi-styles is being purged
14 verbose gentlyRm don't care about contents; nuking C:\Users\siume\AppData\Roaming\npm-cache\ansi-styles
15 silly gentlyRm C:\Users\siume\AppData\Roaming\npm-cache\anymatch is being purged
16 verbose gentlyRm don't care about contents; nuking C:\Users\siume\AppData\Roaming\npm-cache\anymatch
17 silly gentlyRm C:\Users\siume\AppData\Roaming\npm-cache\arr-diff is being purged
18 verbose gentlyRm don't care about contents; nuking C:\Users\siume\AppData\Roaming\npm-cache\arr-diff
19 silly gentlyRm C:\Users\siume\AppData\Roaming\npm-cache\arr-flatten is being purged
20 verbose gentlyRm don't care about contents; nuking C:\Users\siume\AppData\Roaming\npm-cache\arr-flatten
21 silly gentlyRm C:\Users\siume\AppData\Roaming\npm-cache\array-unique is being purged
22 verbose gentlyRm don't care about contents; nuking C:\Users\siume\AppData\Roaming\npm-cache\array-unique
23 silly gentlyRm C:\Users\siume\AppData\Roaming\npm-cache\async-each is being purged
24 verbose gentlyRm don't care about contents; nuking C:\Users\siume\AppData\Roaming\npm-cache\async-each
25 silly gentlyRm C:\Users\siume\AppData\Roaming\npm-cache\balanced-match is being purged
26 verbose gentlyRm don't care about contents; nuking C:\Users\siume\AppData\Roaming\npm-cache\balanced-match
27 silly gentlyRm C:\Users\siume\AppData\Roaming\npm-cache\binary-extensions is being purged
28 verbose gentlyRm don't care about contents; nuking C:\Users\siume\AppData\Roaming\npm-cache\binary-extensions
29 silly gentlyRm C:\Users\siume\AppData\Roaming\npm-cache\boxen is being purged
30 verbose gentlyRm don't care about contents; nuking C:\Users\siume\AppData\Roaming\npm-cache\boxen
31 silly gentlyRm C:\Users\siume\AppData\Roaming\npm-cache\brace-expansion is being purged
32 verbose gentlyRm don't care about contents; nuking C:\Users\siume\AppData\Roaming\npm-cache\brace-expansion
33 silly gentlyRm C:\Users\siume\AppData\Roaming\npm-cache\braces is being purged
34 verbose gentlyRm don't care about contents; nuking C:\Users\siume\AppData\Roaming\npm-cache\braces
35 silly gentlyRm C:\Users\siume\AppData\Roaming\npm-cache\camelcase is being purged
36 verbose gentlyRm don't care about contents; nuking C:\Users\siume\AppData\Roaming\npm-cache\camelcase
37 silly gentlyRm C:\Users\siume\AppData\Roaming\npm-cache\capture-stack-trace is being purged
38 verbose gentlyRm don't care about contents; nuking C:\Users\siume\AppData\Roaming\npm-cache\capture-stack-trace
39 silly gentlyRm C:\Users\siume\AppData\Roaming\npm-cache\chalk is being purged
40 verbose gentlyRm don't care about contents; nuking C:\Users\siume\AppData\Roaming\npm-cache\chalk
41 silly gentlyRm C:\Users\siume\AppData\Roaming\npm-cache\chokidar is being purged
42 verbose gentlyRm don't care about contents; nuking C:\Users\siume\AppData\Roaming\npm-cache\chokidar
43 silly gentlyRm C:\Users\siume\AppData\Roaming\npm-cache\cli-boxes is being purged
44 verbose gentlyRm don't care about contents; nuking C:\Users\siume\AppData\Roaming\npm-cache\cli-boxes
45 silly gentlyRm C:\Users\siume\AppData\Roaming\npm-cache\code-point-at is being purged
46 verbose gentlyRm don't care about contents; nuking C:\Users\siume\AppData\Roaming\npm-cache\code-point-at
47 silly gentlyRm C:\Users\siume\AppData\Roaming\npm-cache\color-convert is being purged
48 verbose gentlyRm don't care about contents; nuking C:\Users\siume\AppData\Roaming\npm-cache\color-convert
49 silly gentlyRm C:\Users\siume\AppData\Roaming\npm-cache\color-name is being purged
50 verbose gentlyRm don't care about contents; nuking C:\Users\siume\AppData\Roaming\npm-cache\color-name
51 silly gentlyRm C:\Users\siume\AppData\Roaming\npm-cache\concat-map is being purged
52 verbose gentlyRm don't care about contents; nuking C:\Users\siume\AppData\Roaming\npm-cache\concat-map
53 silly gentlyRm C:\Users\siume\AppData\Roaming\npm-cache\configstore is being purged
54 verbose gentlyRm don't care about contents; nuking C:\Users\siume\AppData\Roaming\npm-cache\configstore
55 silly gentlyRm C:\Users\siume\AppData\Roaming\npm-cache\core-util-is is being purged
56 verbose gentlyRm don't care about contents; nuking C:\Users\siume\AppData\Roaming\npm-cache\core-util-is
57 silly gentlyRm C:\Users\siume\AppData\Roaming\npm-cache\create-error-class is being purged
58 verbose gentlyRm don't care about contents; nuking C:\Users\siume\AppData\Roaming\npm-cache\create-error-class
59 silly gentlyRm C:\Users\siume\AppData\Roaming\npm-cache\cross-spawn is being purged
60 verbose gentlyRm don't care about contents; nuking C:\Users\siume\AppData\Roaming\npm-cache\cross-spawn
61 silly gentlyRm C:\Users\siume\AppData\Roaming\npm-cache\crypto-random-string is being purged
62 verbose gentlyRm don't care about contents; nuking C:\Users\siume\AppData\Roaming\npm-cache\crypto-random-string
63 silly gentlyRm C:\Users\siume\AppData\Roaming\npm-cache\debug is being purged
64 verbose gentlyRm don't care about contents; nuking C:\Users\siume\AppData\Roaming\npm-cache\debug
65 silly gentlyRm C:\Users\siume\AppData\Roaming\npm-cache\deep-extend is being purged
66 verbose gentlyRm don't care about contents; nuking C:\Users\siume\AppData\Roaming\npm-cache\deep-extend
67 silly gentlyRm C:\Users\siume\AppData\Roaming\npm-cache\dot-prop is being purged
68 verbose gentlyRm don't care about contents; nuking C:\Users\siume\AppData\Roaming\npm-cache\dot-prop
69 silly gentlyRm C:\Users\siume\AppData\Roaming\npm-cache\duplexer is being purged
70 verbose gentlyRm don't care about contents; nuking C:\Users\siume\AppData\Roaming\npm-cache\duplexer
71 silly gentlyRm C:\Users\siume\AppData\Roaming\npm-cache\duplexer3 is being purged
72 verbose gentlyRm don't care about contents; nuking C:\Users\siume\AppData\Roaming\npm-cache\duplexer3
73 silly gentlyRm C:\Users\siume\AppData\Roaming\npm-cache\es6-promise is being purged
74 verbose gentlyRm don't care about contents; nuking C:\Users\siume\AppData\Roaming\npm-cache\es6-promise
75 silly gentlyRm C:\Users\siume\AppData\Roaming\npm-cache\escape-string-regexp is being purged
76 verbose gentlyRm don't care about contents; nuking C:\Users\siume\AppData\Roaming\npm-cache\escape-string-regexp
77 silly gentlyRm C:\Users\siume\AppData\Roaming\npm-cache\event-stream is being purged
78 verbose gentlyRm don't care about contents; nuking C:\Users\siume\AppData\Roaming\npm-cache\event-stream
79 silly gentlyRm C:\Users\siume\AppData\Roaming\npm-cache\execa is being purged
80 verbose gentlyRm don't care about contents; nuking C:\Users\siume\AppData\Roaming\npm-cache\execa
81 silly gentlyRm C:\Users\siume\AppData\Roaming\npm-cache\expand-brackets is being purged
82 verbose gentlyRm don't care about contents; nuking C:\Users\siume\AppData\Roaming\npm-cache\expand-brackets
83 silly gentlyRm C:\Users\siume\AppData\Roaming\npm-cache\expand-range is being purged
84 verbose gentlyRm don't care about contents; nuking C:\Users\siume\AppData\Roaming\npm-cache\expand-range
85 silly gentlyRm C:\Users\siume\AppData\Roaming\npm-cache\extglob is being purged
86 verbose gentlyRm don't care about contents; nuking C:\Users\siume\AppData\Roaming\npm-cache\extglob
87 silly gentlyRm C:\Users\siume\AppData\Roaming\npm-cache\filename-regex is being purged
88 verbose gentlyRm don't care about contents; nuking C:\Users\siume\AppData\Roaming\npm-cache\filename-regex
89 silly gentlyRm C:\Users\siume\AppData\Roaming\npm-cache\fill-range is being purged
90 verbose gentlyRm don't care about contents; nuking C:\Users\siume\AppData\Roaming\npm-cache\fill-range
91 silly gentlyRm C:\Users\siume\AppData\Roaming\npm-cache\for-in is being purged
92 verbose gentlyRm don't care about contents; nuking C:\Users\siume\AppData\Roaming\npm-cache\for-in
93 silly gentlyRm C:\Users\siume\AppData\Roaming\npm-cache\for-own is being purged
94 verbose gentlyRm don't care about contents; nuking C:\Users\siume\AppData\Roaming\npm-cache\for-own
95 silly gentlyRm C:\Users\siume\AppData\Roaming\npm-cache\from is being purged
96 verbose gentlyRm don't care about contents; nuking C:\Users\siume\AppData\Roaming\npm-cache\from
97 silly gentlyRm C:\Users\siume\AppData\Roaming\npm-cache\get-stream is being purged
98 verbose gentlyRm don't care about contents; nuking C:\Users\siume\AppData\Roaming\npm-cache\get-stream
99 silly gentlyRm C:\Users\siume\AppData\Roaming\npm-cache\glob-base is being purged
100 verbose gentlyRm don't care about contents; nuking C:\Users\siume\AppData\Roaming\npm-cache\glob-base
101 silly gentlyRm C:\Users\siume\AppData\Roaming\npm-cache\glob-parent is being purged
102 verbose gentlyRm don't care about contents; nuking C:\Users\siume\AppData\Roaming\npm-cache\glob-parent
103 silly gentlyRm C:\Users\siume\AppData\Roaming\npm-cache\got is being purged
104 verbose gentlyRm don't care about contents; nuking C:\Users\siume\AppData\Roaming\npm-cache\got
105 silly gentlyRm C:\Users\siume\AppData\Roaming\npm-cache\graceful-fs is being purged
106 verbose gentlyRm don't care about contents; nuking C:\Users\siume\AppData\Roaming\npm-cache\graceful-fs
107 silly gentlyRm C:\Users\siume\AppData\Roaming\npm-cache\has-ansi is being purged
108 verbose gentlyRm don't care about contents; nuking C:\Users\siume\AppData\Roaming\npm-cache\has-ansi
109 silly gentlyRm C:\Users\siume\AppData\Roaming\npm-cache\has-flag is being purged
110 verbose gentlyRm don't care about contents; nuking C:\Users\siume\AppData\Roaming\npm-cache\has-flag
111 silly gentlyRm C:\Users\siume\AppData\Roaming\npm-cache\ignore-by-default is being purged
112 verbose gentlyRm don't care about contents; nuking C:\Users\siume\AppData\Roaming\npm-cache\ignore-by-default
113 silly gentlyRm C:\Users\siume\AppData\Roaming\npm-cache\import-lazy is being purged
114 verbose gentlyRm don't care about contents; nuking C:\Users\siume\AppData\Roaming\npm-cache\import-lazy
115 silly gentlyRm C:\Users\siume\AppData\Roaming\npm-cache\imurmurhash is being purged
116 verbose gentlyRm don't care about contents; nuking C:\Users\siume\AppData\Roaming\npm-cache\imurmurhash
117 silly gentlyRm C:\Users\siume\AppData\Roaming\npm-cache\inherits is being purged
118 verbose gentlyRm don't care about contents; nuking C:\Users\siume\AppData\Roaming\npm-cache\inherits
119 silly gentlyRm C:\Users\siume\AppData\Roaming\npm-cache\ini is being purged
120 verbose gentlyRm don't care about contents; nuking C:\Users\siume\AppData\Roaming\npm-cache\ini
121 silly gentlyRm C:\Users\siume\AppData\Roaming\npm-cache\is-binary-path is being purged
122 verbose gentlyRm don't care about contents; nuking C:\Users\siume\AppData\Roaming\npm-cache\is-binary-path
123 silly gentlyRm C:\Users\siume\AppData\Roaming\npm-cache\is-buffer is being purged
124 verbose gentlyRm don't care about contents; nuking C:\Users\siume\AppData\Roaming\npm-cache\is-buffer
125 silly gentlyRm C:\Users\siume\AppData\Roaming\npm-cache\is-dotfile is being purged
126 verbose gentlyRm don't care about contents; nuking C:\Users\siume\AppData\Roaming\npm-cache\is-dotfile
127 silly gentlyRm C:\Users\siume\AppData\Roaming\npm-cache\is-equal-shallow is being purged
128 verbose gentlyRm don't care about contents; nuking C:\Users\siume\AppData\Roaming\npm-cache\is-equal-shallow
129 silly gentlyRm C:\Users\siume\AppData\Roaming\npm-cache\is-extendable is being purged
130 verbose gentlyRm don't care about contents; nuking C:\Users\siume\AppData\Roaming\npm-cache\is-extendable
131 silly gentlyRm C:\Users\siume\AppData\Roaming\npm-cache\is-extglob is being purged
132 verbose gentlyRm don't care about contents; nuking C:\Users\siume\AppData\Roaming\npm-cache\is-extglob
133 silly gentlyRm C:\Users\siume\AppData\Roaming\npm-cache\is-fullwidth-code-point is being purged
134 verbose gentlyRm don't care about contents; nuking C:\Users\siume\AppData\Roaming\npm-cache\is-fullwidth-code-point
135 silly gentlyRm C:\Users\siume\AppData\Roaming\npm-cache\is-glob is being purged
136 verbose gentlyRm don't care about contents; nuking C:\Users\siume\AppData\Roaming\npm-cache\is-glob
137 silly gentlyRm C:\Users\siume\AppData\Roaming\npm-cache\is-npm is being purged
138 verbose gentlyRm don't care about contents; nuking C:\Users\siume\AppData\Roaming\npm-cache\is-npm
139 silly gentlyRm C:\Users\siume\AppData\Roaming\npm-cache\is-number is being purged
140 verbose gentlyRm don't care about contents; nuking C:\Users\siume\AppData\Roaming\npm-cache\is-number
141 silly gentlyRm C:\Users\siume\AppData\Roaming\npm-cache\is-obj is being purged
142 verbose gentlyRm don't care about contents; nuking C:\Users\siume\AppData\Roaming\npm-cache\is-obj
143 silly gentlyRm C:\Users\siume\AppData\Roaming\npm-cache\is-posix-bracket is being purged
144 verbose gentlyRm don't care about contents; nuking C:\Users\siume\AppData\Roaming\npm-cache\is-posix-bracket
145 silly gentlyRm C:\Users\siume\AppData\Roaming\npm-cache\is-primitive is being purged
146 verbose gentlyRm don't care about contents; nuking C:\Users\siume\AppData\Roaming\npm-cache\is-primitive
147 silly gentlyRm C:\Users\siume\AppData\Roaming\npm-cache\is-redirect is being purged
148 verbose gentlyRm don't care about contents; nuking C:\Users\siume\AppData\Roaming\npm-cache\is-redirect
149 silly gentlyRm C:\Users\siume\AppData\Roaming\npm-cache\is-retry-allowed is being purged
150 verbose gentlyRm don't care about contents; nuking C:\Users\siume\AppData\Roaming\npm-cache\is-retry-allowed
151 silly gentlyRm C:\Users\siume\AppData\Roaming\npm-cache\is-stream is being purged
152 verbose gentlyRm don't care about contents; nuking C:\Users\siume\AppData\Roaming\npm-cache\is-stream
153 silly gentlyRm C:\Users\siume\AppData\Roaming\npm-cache\isarray is being purged
154 verbose gentlyRm don't care about contents; nuking C:\Users\siume\AppData\Roaming\npm-cache\isarray
155 silly gentlyRm C:\Users\siume\AppData\Roaming\npm-cache\isexe is being purged
156 verbose gentlyRm don't care about contents; nuking C:\Users\siume\AppData\Roaming\npm-cache\isexe
157 silly gentlyRm C:\Users\siume\AppData\Roaming\npm-cache\isobject is being purged
158 verbose gentlyRm don't care about contents; nuking C:\Users\siume\AppData\Roaming\npm-cache\isobject
159 silly gentlyRm C:\Users\siume\AppData\Roaming\npm-cache\kind-of is being purged
160 verbose gentlyRm don't care about contents; nuking C:\Users\siume\AppData\Roaming\npm-cache\kind-of
161 silly gentlyRm C:\Users\siume\AppData\Roaming\npm-cache\latest-version is being purged
162 verbose gentlyRm don't care about contents; nuking C:\Users\siume\AppData\Roaming\npm-cache\latest-version
163 silly gentlyRm C:\Users\siume\AppData\Roaming\npm-cache\lodash._baseassign is being purged
164 verbose gentlyRm don't care about contents; nuking C:\Users\siume\AppData\Roaming\npm-cache\lodash._baseassign
165 silly gentlyRm C:\Users\siume\AppData\Roaming\npm-cache\lodash._basecopy is being purged
166 verbose gentlyRm don't care about contents; nuking C:\Users\siume\AppData\Roaming\npm-cache\lodash._basecopy
167 silly gentlyRm C:\Users\siume\AppData\Roaming\npm-cache\lodash._bindcallback is being purged
168 verbose gentlyRm don't care about contents; nuking C:\Users\siume\AppData\Roaming\npm-cache\lodash._bindcallback
169 silly gentlyRm C:\Users\siume\AppData\Roaming\npm-cache\lodash._createassigner is being purged
170 verbose gentlyRm don't care about contents; nuking C:\Users\siume\AppData\Roaming\npm-cache\lodash._createassigner
171 silly gentlyRm C:\Users\siume\AppData\Roaming\npm-cache\lodash._getnative is being purged
172 verbose gentlyRm don't care about contents; nuking C:\Users\siume\AppData\Roaming\npm-cache\lodash._getnative
173 silly gentlyRm C:\Users\siume\AppData\Roaming\npm-cache\lodash._isiterateecall is being purged
174 verbose gentlyRm don't care about contents; nuking C:\Users\siume\AppData\Roaming\npm-cache\lodash._isiterateecall
175 silly gentlyRm C:\Users\siume\AppData\Roaming\npm-cache\lodash.assign is being purged
176 verbose gentlyRm don't care about contents; nuking C:\Users\siume\AppData\Roaming\npm-cache\lodash.assign
177 silly gentlyRm C:\Users\siume\AppData\Roaming\npm-cache\lodash.defaults is being purged
178 verbose gentlyRm don't care about contents; nuking C:\Users\siume\AppData\Roaming\npm-cache\lodash.defaults
179 silly gentlyRm C:\Users\siume\AppData\Roaming\npm-cache\lodash.isarguments is being purged
180 verbose gentlyRm don't care about contents; nuking C:\Users\siume\AppData\Roaming\npm-cache\lodash.isarguments
181 silly gentlyRm C:\Users\siume\AppData\Roaming\npm-cache\lodash.isarray is being purged
182 verbose gentlyRm don't care about contents; nuking C:\Users\siume\AppData\Roaming\npm-cache\lodash.isarray
183 silly gentlyRm C:\Users\siume\AppData\Roaming\npm-cache\lodash.keys is being purged
184 verbose gentlyRm don't care about contents; nuking C:\Users\siume\AppData\Roaming\npm-cache\lodash.keys
185 silly gentlyRm C:\Users\siume\AppData\Roaming\npm-cache\lodash.restparam is being purged
186 verbose gentlyRm don't care about contents; nuking C:\Users\siume\AppData\Roaming\npm-cache\lodash.restparam
187 silly gentlyRm C:\Users\siume\AppData\Roaming\npm-cache\lowercase-keys is being purged
188 verbose gentlyRm don't care about contents; nuking C:\Users\siume\AppData\Roaming\npm-cache\lowercase-keys
189 silly gentlyRm C:\Users\siume\AppData\Roaming\npm-cache\lru-cache is being purged
190 verbose gentlyRm don't care about contents; nuking C:\Users\siume\AppData\Roaming\npm-cache\lru-cache
191 silly gentlyRm C:\Users\siume\AppData\Roaming\npm-cache\make-dir is being purged
192 verbose gentlyRm don't care about contents; nuking C:\Users\siume\AppData\Roaming\npm-cache\make-dir
193 silly gentlyRm C:\Users\siume\AppData\Roaming\npm-cache\map-stream is being purged
194 verbose gentlyRm don't care about contents; nuking C:\Users\siume\AppData\Roaming\npm-cache\map-stream
195 silly gentlyRm C:\Users\siume\AppData\Roaming\npm-cache\micromatch is being purged
196 verbose gentlyRm don't care about contents; nuking C:\Users\siume\AppData\Roaming\npm-cache\micromatch
197 silly gentlyRm C:\Users\siume\AppData\Roaming\npm-cache\minimatch is being purged
198 verbose gentlyRm don't care about contents; nuking C:\Users\siume\AppData\Roaming\npm-cache\minimatch
199 silly gentlyRm C:\Users\siume\AppData\Roaming\npm-cache\minimist is being purged
200 verbose gentlyRm don't care about contents; nuking C:\Users\siume\AppData\Roaming\npm-cache\minimist
201 silly gentlyRm C:\Users\siume\AppData\Roaming\npm-cache\ms is being purged
202 verbose gentlyRm don't care about contents; nuking C:\Users\siume\AppData\Roaming\npm-cache\ms
203 silly gentlyRm C:\Users\siume\AppData\Roaming\npm-cache\nodemon is being purged
204 verbose gentlyRm don't care about contents; nuking C:\Users\siume\AppData\Roaming\npm-cache\nodemon
205 silly gentlyRm C:\Users\siume\AppData\Roaming\npm-cache\nopt is being purged
206 verbose gentlyRm don't care about contents; nuking C:\Users\siume\AppData\Roaming\npm-cache\nopt
207 silly gentlyRm C:\Users\siume\AppData\Roaming\npm-cache\normalize-path is being purged
208 verbose gentlyRm don't care about contents; nuking C:\Users\siume\AppData\Roaming\npm-cache\normalize-path
209 silly gentlyRm C:\Users\siume\AppData\Roaming\npm-cache\npm-run-path is being purged
210 verbose gentlyRm don't care about contents; nuking C:\Users\siume\AppData\Roaming\npm-cache\npm-run-path
211 silly gentlyRm C:\Users\siume\AppData\Roaming\npm-cache\number-is-nan is being purged
212 verbose gentlyRm don't care about contents; nuking C:\Users\siume\AppData\Roaming\npm-cache\number-is-nan
213 silly gentlyRm C:\Users\siume\AppData\Roaming\npm-cache\object.omit is being purged
214 verbose gentlyRm don't care about contents; nuking C:\Users\siume\AppData\Roaming\npm-cache\object.omit
215 silly gentlyRm C:\Users\siume\AppData\Roaming\npm-cache\p-finally is being purged
216 verbose gentlyRm don't care about contents; nuking C:\Users\siume\AppData\Roaming\npm-cache\p-finally
217 silly gentlyRm C:\Users\siume\AppData\Roaming\npm-cache\package-json is being purged
218 verbose gentlyRm don't care about contents; nuking C:\Users\siume\AppData\Roaming\npm-cache\package-json
219 silly gentlyRm C:\Users\siume\AppData\Roaming\npm-cache\parse-glob is being purged
220 verbose gentlyRm don't care about contents; nuking C:\Users\siume\AppData\Roaming\npm-cache\parse-glob
221 silly gentlyRm C:\Users\siume\AppData\Roaming\npm-cache\path-is-absolute is being purged
222 verbose gentlyRm don't care about contents; nuking C:\Users\siume\AppData\Roaming\npm-cache\path-is-absolute
223 silly gentlyRm C:\Users\siume\AppData\Roaming\npm-cache\path-key is being purged
224 verbose gentlyRm don't care about contents; nuking C:\Users\siume\AppData\Roaming\npm-cache\path-key
225 silly gentlyRm C:\Users\siume\AppData\Roaming\npm-cache\pause-stream is being purged
226 verbose gentlyRm don't care about contents; nuking C:\Users\siume\AppData\Roaming\npm-cache\pause-stream
227 silly gentlyRm C:\Users\siume\AppData\Roaming\npm-cache\pify is being purged
228 verbose gentlyRm don't care about contents; nuking C:\Users\siume\AppData\Roaming\npm-cache\pify
229 silly gentlyRm C:\Users\siume\AppData\Roaming\npm-cache\prepend-http is being purged
230 verbose gentlyRm don't care about contents; nuking C:\Users\siume\AppData\Roaming\npm-cache\prepend-http
231 silly gentlyRm C:\Users\siume\AppData\Roaming\npm-cache\preserve is being purged
232 verbose gentlyRm don't care about contents; nuking C:\Users\siume\AppData\Roaming\npm-cache\preserve
233 silly gentlyRm C:\Users\siume\AppData\Roaming\npm-cache\process-nextick-args is being purged
234 verbose gentlyRm don't care about contents; nuking C:\Users\siume\AppData\Roaming\npm-cache\process-nextick-args
235 silly gentlyRm C:\Users\siume\AppData\Roaming\npm-cache\ps-tree is being purged
236 verbose gentlyRm don't care about contents; nuking C:\Users\siume\AppData\Roaming\npm-cache\ps-tree
237 silly gentlyRm C:\Users\siume\AppData\Roaming\npm-cache\pseudomap is being purged
238 verbose gentlyRm don't care about contents; nuking C:\Users\siume\AppData\Roaming\npm-cache\pseudomap
239 silly gentlyRm C:\Users\siume\AppData\Roaming\npm-cache\randomatic is being purged
240 verbose gentlyRm don't care about contents; nuking C:\Users\siume\AppData\Roaming\npm-cache\randomatic
241 silly gentlyRm C:\Users\siume\AppData\Roaming\npm-cache\rc is being purged
242 verbose gentlyRm don't care about contents; nuking C:\Users\siume\AppData\Roaming\npm-cache\rc
243 silly gentlyRm C:\Users\siume\AppData\Roaming\npm-cache\readable-stream is being purged
244 verbose gentlyRm don't care about contents; nuking C:\Users\siume\AppData\Roaming\npm-cache\readable-stream
245 silly gentlyRm C:\Users\siume\AppData\Roaming\npm-cache\readdirp is being purged
246 verbose gentlyRm don't care about contents; nuking C:\Users\siume\AppData\Roaming\npm-cache\readdirp
247 silly gentlyRm C:\Users\siume\AppData\Roaming\npm-cache\regex-cache is being purged
248 verbose gentlyRm don't care about contents; nuking C:\Users\siume\AppData\Roaming\npm-cache\regex-cache
249 silly gentlyRm C:\Users\siume\AppData\Roaming\npm-cache\registry-auth-token is being purged
250 verbose gentlyRm don't care about contents; nuking C:\Users\siume\AppData\Roaming\npm-cache\registry-auth-token
251 silly gentlyRm C:\Users\siume\AppData\Roaming\npm-cache\registry-url is being purged
252 verbose gentlyRm don't care about contents; nuking C:\Users\siume\AppData\Roaming\npm-cache\registry-url
253 silly gentlyRm C:\Users\siume\AppData\Roaming\npm-cache\registry.npmjs.org is being purged
254 verbose gentlyRm don't care about contents; nuking C:\Users\siume\AppData\Roaming\npm-cache\registry.npmjs.org
255 silly gentlyRm C:\Users\siume\AppData\Roaming\npm-cache\remove-trailing-separator is being purged
256 verbose gentlyRm don't care about contents; nuking C:\Users\siume\AppData\Roaming\npm-cache\remove-trailing-separator
257 silly gentlyRm C:\Users\siume\AppData\Roaming\npm-cache\repeat-element is being purged
258 verbose gentlyRm don't care about contents; nuking C:\Users\siume\AppData\Roaming\npm-cache\repeat-element
259 silly gentlyRm C:\Users\siume\AppData\Roaming\npm-cache\repeat-string is being purged
260 verbose gentlyRm don't care about contents; nuking C:\Users\siume\AppData\Roaming\npm-cache\repeat-string
261 silly gentlyRm C:\Users\siume\AppData\Roaming\npm-cache\safe-buffer is being purged
262 verbose gentlyRm don't care about contents; nuking C:\Users\siume\AppData\Roaming\npm-cache\safe-buffer
263 silly gentlyRm C:\Users\siume\AppData\Roaming\npm-cache\semver is being purged
264 verbose gentlyRm don't care about contents; nuking C:\Users\siume\AppData\Roaming\npm-cache\semver
265 silly gentlyRm C:\Users\siume\AppData\Roaming\npm-cache\semver-diff is being purged
266 verbose gentlyRm don't care about contents; nuking C:\Users\siume\AppData\Roaming\npm-cache\semver-diff
267 silly gentlyRm C:\Users\siume\AppData\Roaming\npm-cache\set-immediate-shim is being purged
268 verbose gentlyRm don't care about contents; nuking C:\Users\siume\AppData\Roaming\npm-cache\set-immediate-shim
269 silly gentlyRm C:\Users\siume\AppData\Roaming\npm-cache\shebang-command is being purged
270 verbose gentlyRm don't care about contents; nuking C:\Users\siume\AppData\Roaming\npm-cache\shebang-command
271 silly gentlyRm C:\Users\siume\AppData\Roaming\npm-cache\shebang-regex is being purged
272 verbose gentlyRm don't care about contents; nuking C:\Users\siume\AppData\Roaming\npm-cache\shebang-regex
273 silly gentlyRm C:\Users\siume\AppData\Roaming\npm-cache\signal-exit is being purged
274 verbose gentlyRm don't care about contents; nuking C:\Users\siume\AppData\Roaming\npm-cache\signal-exit
275 silly gentlyRm C:\Users\siume\AppData\Roaming\npm-cache\split is being purged
276 verbose gentlyRm don't care about contents; nuking C:\Users\siume\AppData\Roaming\npm-cache\split
277 silly gentlyRm C:\Users\siume\AppData\Roaming\npm-cache\stream-combiner is being purged
278 verbose gentlyRm don't care about contents; nuking C:\Users\siume\AppData\Roaming\npm-cache\stream-combiner
279 silly gentlyRm C:\Users\siume\AppData\Roaming\npm-cache\string-width is being purged
280 verbose gentlyRm don't care about contents; nuking C:\Users\siume\AppData\Roaming\npm-cache\string-width
281 silly gentlyRm C:\Users\siume\AppData\Roaming\npm-cache\string_decoder is being purged
282 verbose gentlyRm don't care about contents; nuking C:\Users\siume\AppData\Roaming\npm-cache\string_decoder
283 silly gentlyRm C:\Users\siume\AppData\Roaming\npm-cache\strip-ansi is being purged
284 verbose gentlyRm don't care about contents; nuking C:\Users\siume\AppData\Roaming\npm-cache\strip-ansi
285 silly gentlyRm C:\Users\siume\AppData\Roaming\npm-cache\strip-eof is being purged
286 verbose gentlyRm don't care about contents; nuking C:\Users\siume\AppData\Roaming\npm-cache\strip-eof
287 silly gentlyRm C:\Users\siume\AppData\Roaming\npm-cache\strip-json-comments is being purged
288 verbose gentlyRm don't care about contents; nuking C:\Users\siume\AppData\Roaming\npm-cache\strip-json-comments
289 silly gentlyRm C:\Users\siume\AppData\Roaming\npm-cache\supports-color is being purged
290 verbose gentlyRm don't care about contents; nuking C:\Users\siume\AppData\Roaming\npm-cache\supports-color
291 silly gentlyRm C:\Users\siume\AppData\Roaming\npm-cache\term-size is being purged
292 verbose gentlyRm don't care about contents; nuking C:\Users\siume\AppData\Roaming\npm-cache\term-size
293 silly gentlyRm C:\Users\siume\AppData\Roaming\npm-cache\through is being purged
294 verbose gentlyRm don't care about contents; nuking C:\Users\siume\AppData\Roaming\npm-cache\through
295 silly gentlyRm C:\Users\siume\AppData\Roaming\npm-cache\timed-out is being purged
296 verbose gentlyRm don't care about contents; nuking C:\Users\siume\AppData\Roaming\npm-cache\timed-out
297 silly gentlyRm C:\Users\siume\AppData\Roaming\npm-cache\touch is being purged
298 verbose gentlyRm don't care about contents; nuking C:\Users\siume\AppData\Roaming\npm-cache\touch
299 silly gentlyRm C:\Users\siume\AppData\Roaming\npm-cache\undefsafe is being purged
300 verbose gentlyRm don't care about contents; nuking C:\Users\siume\AppData\Roaming\npm-cache\undefsafe
301 silly gentlyRm C:\Users\siume\AppData\Roaming\npm-cache\unique-string is being purged
302 verbose gentlyRm don't care about contents; nuking C:\Users\siume\AppData\Roaming\npm-cache\unique-string
303 silly gentlyRm C:\Users\siume\AppData\Roaming\npm-cache\unzip-response is being purged
304 verbose gentlyRm don't care about contents; nuking C:\Users\siume\AppData\Roaming\npm-cache\unzip-response
305 silly gentlyRm C:\Users\siume\AppData\Roaming\npm-cache\update-notifier is being purged
306 verbose gentlyRm don't care about contents; nuking C:\Users\siume\AppData\Roaming\npm-cache\update-notifier
307 silly gentlyRm C:\Users\siume\AppData\Roaming\npm-cache\url-parse-lax is being purged
308 verbose gentlyRm don't care about contents; nuking C:\Users\siume\AppData\Roaming\npm-cache\url-parse-lax
309 silly gentlyRm C:\Users\siume\AppData\Roaming\npm-cache\util-deprecate is being purged
310 verbose gentlyRm don't care about contents; nuking C:\Users\siume\AppData\Roaming\npm-cache\util-deprecate
311 silly gentlyRm C:\Users\siume\AppData\Roaming\npm-cache\which is being purged
312 verbose gentlyRm don't care about contents; nuking C:\Users\siume\AppData\Roaming\npm-cache\which
313 silly gentlyRm C:\Users\siume\AppData\Roaming\npm-cache\widest-line is being purged
314 verbose gentlyRm don't care about contents; nuking C:\Users\siume\AppData\Roaming\npm-cache\widest-line
315 silly gentlyRm C:\Users\siume\AppData\Roaming\npm-cache\write-file-atomic is being purged
316 verbose gentlyRm don't care about contents; nuking C:\Users\siume\AppData\Roaming\npm-cache\write-file-atomic
317 silly gentlyRm C:\Users\siume\AppData\Roaming\npm-cache\xdg-basedir is being purged
318 verbose gentlyRm don't care about contents; nuking C:\Users\siume\AppData\Roaming\npm-cache\xdg-basedir
319 silly gentlyRm C:\Users\siume\AppData\Roaming\npm-cache\yallist is being purged
320 verbose gentlyRm don't care about contents; nuking C:\Users\siume\AppData\Roaming\npm-cache\yallist
321 silly vacuum-fs purging C:\Users\siume\AppData\Roaming\npm-cache\abbrev
322 silly vacuum-fs purging C:\Users\siume\AppData\Roaming\npm-cache\ansi-regex
323 silly vacuum-fs purging C:\Users\siume\AppData\Roaming\npm-cache\ansi-align
324 silly vacuum-fs purging C:\Users\siume\AppData\Roaming\npm-cache\_locks
325 silly vacuum-fs purging C:\Users\siume\AppData\Roaming\npm-cache\arr-flatten
326 silly vacuum-fs purging C:\Users\siume\AppData\Roaming\npm-cache\anymatch
327 silly vacuum-fs purging C:\Users\siume\AppData\Roaming\npm-cache\arr-diff
328 silly vacuum-fs purging C:\Users\siume\AppData\Roaming\npm-cache\ansi-styles
329 silly vacuum-fs purging C:\Users\siume\AppData\Roaming\npm-cache\array-unique
330 silly vacuum-fs purging C:\Users\siume\AppData\Roaming\npm-cache\async-each
331 silly vacuum-fs purging C:\Users\siume\AppData\Roaming\npm-cache\binary-extensions
332 silly vacuum-fs purging C:\Users\siume\AppData\Roaming\npm-cache\balanced-match
333 silly vacuum-fs purging C:\Users\siume\AppData\Roaming\npm-cache\boxen
334 silly vacuum-fs purging C:\Users\siume\AppData\Roaming\npm-cache\brace-expansion
335 silly vacuum-fs purging C:\Users\siume\AppData\Roaming\npm-cache\camelcase
336 silly vacuum-fs purging C:\Users\siume\AppData\Roaming\npm-cache\braces
337 silly vacuum-fs purging C:\Users\siume\AppData\Roaming\npm-cache\chalk
338 silly vacuum-fs purging C:\Users\siume\AppData\Roaming\npm-cache\capture-stack-trace
339 silly vacuum-fs purging C:\Users\siume\AppData\Roaming\npm-cache\chokidar
340 silly vacuum-fs purging C:\Users\siume\AppData\Roaming\npm-cache\color-name
341 silly vacuum-fs purging C:\Users\siume\AppData\Roaming\npm-cache\color-convert
342 silly vacuum-fs purging C:\Users\siume\AppData\Roaming\npm-cache\code-point-at
343 silly vacuum-fs purging C:\Users\siume\AppData\Roaming\npm-cache\cli-boxes
344 silly vacuum-fs purging C:\Users\siume\AppData\Roaming\npm-cache\concat-map
345 silly vacuum-fs purging C:\Users\siume\AppData\Roaming\npm-cache\configstore
346 silly vacuum-fs purging C:\Users\siume\AppData\Roaming\npm-cache\create-error-class
347 silly vacuum-fs purging C:\Users\siume\AppData\Roaming\npm-cache\core-util-is
348 silly vacuum-fs purging C:\Users\siume\AppData\Roaming\npm-cache\crypto-random-string
349 silly vacuum-fs purging C:\Users\siume\AppData\Roaming\npm-cache\debug
350 silly vacuum-fs purging C:\Users\siume\AppData\Roaming\npm-cache\cross-spawn
351 silly vacuum-fs purging C:\Users\siume\AppData\Roaming\npm-cache\deep-extend
352 silly vacuum-fs purging C:\Users\siume\AppData\Roaming\npm-cache\duplexer
353 silly vacuum-fs purging C:\Users\siume\AppData\Roaming\npm-cache\dot-prop
354 silly vacuum-fs purging C:\Users\siume\AppData\Roaming\npm-cache\es6-promise
355 silly vacuum-fs purging C:\Users\siume\AppData\Roaming\npm-cache\duplexer3
356 silly vacuum-fs purging C:\Users\siume\AppData\Roaming\npm-cache\escape-string-regexp
357 silly vacuum-fs purging C:\Users\siume\AppData\Roaming\npm-cache\event-stream
358 silly vacuum-fs purging C:\Users\siume\AppData\Roaming\npm-cache\execa
359 silly vacuum-fs purging C:\Users\siume\AppData\Roaming\npm-cache\expand-range
360 silly vacuum-fs purging C:\Users\siume\AppData\Roaming\npm-cache\expand-brackets
361 silly vacuum-fs purging C:\Users\siume\AppData\Roaming\npm-cache\filename-regex
362 silly vacuum-fs purging C:\Users\siume\AppData\Roaming\npm-cache\fill-range
363 silly vacuum-fs purging C:\Users\siume\AppData\Roaming\npm-cache\for-in
364 silly vacuum-fs purging C:\Users\siume\AppData\Roaming\npm-cache\extglob
365 silly vacuum-fs purging C:\Users\siume\AppData\Roaming\npm-cache\for-own
366 silly vacuum-fs purging C:\Users\siume\AppData\Roaming\npm-cache\glob-base
367 silly vacuum-fs purging C:\Users\siume\AppData\Roaming\npm-cache\from
368 silly vacuum-fs purging C:\Users\siume\AppData\Roaming\npm-cache\get-stream
369 silly vacuum-fs purging C:\Users\siume\AppData\Roaming\npm-cache\glob-parent
370 silly vacuum-fs purging C:\Users\siume\AppData\Roaming\npm-cache\has-ansi
371 silly vacuum-fs purging C:\Users\siume\AppData\Roaming\npm-cache\got
372 silly vacuum-fs purging C:\Users\siume\AppData\Roaming\npm-cache\graceful-fs
373 silly vacuum-fs purging C:\Users\siume\AppData\Roaming\npm-cache\has-flag
374 silly vacuum-fs purging C:\Users\siume\AppData\Roaming\npm-cache\ignore-by-default
375 silly vacuum-fs purging C:\Users\siume\AppData\Roaming\npm-cache\import-lazy
376 silly vacuum-fs purging C:\Users\siume\AppData\Roaming\npm-cache\imurmurhash
377 silly vacuum-fs purging C:\Users\siume\AppData\Roaming\npm-cache\inherits
378 silly vacuum-fs purging C:\Users\siume\AppData\Roaming\npm-cache\is-binary-path
379 silly vacuum-fs purging C:\Users\siume\AppData\Roaming\npm-cache\is-buffer
380 silly vacuum-fs purging C:\Users\siume\AppData\Roaming\npm-cache\ini
381 silly vacuum-fs purging C:\Users\siume\AppData\Roaming\npm-cache\is-dotfile
382 silly vacuum-fs purging C:\Users\siume\AppData\Roaming\npm-cache\is-extendable
383 silly vacuum-fs purging C:\Users\siume\AppData\Roaming\npm-cache\is-extglob
384 silly vacuum-fs purging C:\Users\siume\AppData\Roaming\npm-cache\is-glob
385 silly vacuum-fs purging C:\Users\siume\AppData\Roaming\npm-cache\is-equal-shallow
386 silly vacuum-fs purging C:\Users\siume\AppData\Roaming\npm-cache\is-fullwidth-code-point
387 silly vacuum-fs purging C:\Users\siume\AppData\Roaming\npm-cache\is-npm
388 silly vacuum-fs purging C:\Users\siume\AppData\Roaming\npm-cache\is-obj
389 silly vacuum-fs purging C:\Users\siume\AppData\Roaming\npm-cache\is-primitive
390 silly vacuum-fs purging C:\Users\siume\AppData\Roaming\npm-cache\is-posix-bracket
391 silly vacuum-fs purging C:\Users\siume\AppData\Roaming\npm-cache\is-number
392 silly vacuum-fs purging C:\Users\siume\AppData\Roaming\npm-cache\isarray
393 silly vacuum-fs purging C:\Users\siume\AppData\Roaming\npm-cache\is-stream
394 silly vacuum-fs purging C:\Users\siume\AppData\Roaming\npm-cache\is-redirect
395 silly vacuum-fs purging C:\Users\siume\AppData\Roaming\npm-cache\is-retry-allowed
396 silly vacuum-fs purging C:\Users\siume\AppData\Roaming\npm-cache\latest-version
397 silly vacuum-fs purging C:\Users\siume\AppData\Roaming\npm-cache\isexe
398 silly vacuum-fs purging C:\Users\siume\AppData\Roaming\npm-cache\kind-of
399 silly vacuum-fs purging C:\Users\siume\AppData\Roaming\npm-cache\isobject
400 silly vacuum-fs purging C:\Users\siume\AppData\Roaming\npm-cache\lodash._baseassign
401 silly vacuum-fs purging C:\Users\siume\AppData\Roaming\npm-cache\lodash._bindcallback
402 silly vacuum-fs purging C:\Users\siume\AppData\Roaming\npm-cache\lodash._createassigner
403 silly vacuum-fs purging C:\Users\siume\AppData\Roaming\npm-cache\lodash._basecopy
404 silly vacuum-fs purging C:\Users\siume\AppData\Roaming\npm-cache\lodash.defaults
405 silly vacuum-fs purging C:\Users\siume\AppData\Roaming\npm-cache\lodash.assign
406 silly vacuum-fs purging C:\Users\siume\AppData\Roaming\npm-cache\lodash._getnative
407 silly vacuum-fs purging C:\Users\siume\AppData\Roaming\npm-cache\lodash._isiterateecall
408 silly vacuum-fs purging C:\Users\siume\AppData\Roaming\npm-cache\lodash.restparam
409 silly vacuum-fs purging C:\Users\siume\AppData\Roaming\npm-cache\lodash.isarguments
410 silly vacuum-fs purging C:\Users\siume\AppData\Roaming\npm-cache\lodash.keys
411 silly vacuum-fs purging C:\Users\siume\AppData\Roaming\npm-cache\lodash.isarray
412 silly vacuum-fs purging C:\Users\siume\AppData\Roaming\npm-cache\map-stream
413 silly vacuum-fs purging C:\Users\siume\AppData\Roaming\npm-cache\make-dir
414 silly vacuum-fs purging C:\Users\siume\AppData\Roaming\npm-cache\lru-cache
415 silly vacuum-fs purging C:\Users\siume\AppData\Roaming\npm-cache\lowercase-keys
416 silly vacuum-fs purging C:\Users\siume\AppData\Roaming\npm-cache\ms
417 silly vacuum-fs purging C:\Users\siume\AppData\Roaming\npm-cache\minimist
418 silly vacuum-fs purging C:\Users\siume\AppData\Roaming\npm-cache\minimatch
419 silly vacuum-fs purging C:\Users\siume\AppData\Roaming\npm-cache\micromatch
420 silly vacuum-fs purging C:\Users\siume\AppData\Roaming\npm-cache\nopt
421 silly vacuum-fs purging C:\Users\siume\AppData\Roaming\npm-cache\normalize-path
422 silly vacuum-fs purging C:\Users\siume\AppData\Roaming\npm-cache\nodemon
423 silly vacuum-fs purging C:\Users\siume\AppData\Roaming\npm-cache\npm-run-path
424 silly vacuum-fs purging C:\Users\siume\AppData\Roaming\npm-cache\object.omit
425 silly vacuum-fs purging C:\Users\siume\AppData\Roaming\npm-cache\number-is-nan
426 silly vacuum-fs purging C:\Users\siume\AppData\Roaming\npm-cache\p-finally
427 silly vacuum-fs purging C:\Users\siume\AppData\Roaming\npm-cache\package-json
428 silly vacuum-fs purging C:\Users\siume\AppData\Roaming\npm-cache\parse-glob
429 silly vacuum-fs purging C:\Users\siume\AppData\Roaming\npm-cache\path-key
430 silly vacuum-fs purging C:\Users\siume\AppData\Roaming\npm-cache\path-is-absolute
431 silly vacuum-fs purging C:\Users\siume\AppData\Roaming\npm-cache\pause-stream
432 silly vacuum-fs purging C:\Users\siume\AppData\Roaming\npm-cache\preserve
433 silly vacuum-fs purging C:\Users\siume\AppData\Roaming\npm-cache\prepend-http
434 silly vacuum-fs purging C:\Users\siume\AppData\Roaming\npm-cache\pify
435 silly vacuum-fs purging C:\Users\siume\AppData\Roaming\npm-cache\ps-tree
436 silly vacuum-fs purging C:\Users\siume\AppData\Roaming\npm-cache\process-nextick-args
437 silly vacuum-fs purging C:\Users\siume\AppData\Roaming\npm-cache\pseudomap
438 silly vacuum-fs purging C:\Users\siume\AppData\Roaming\npm-cache\rc
439 silly vacuum-fs purging C:\Users\siume\AppData\Roaming\npm-cache\randomatic
440 silly vacuum-fs purging C:\Users\siume\AppData\Roaming\npm-cache\readdirp
441 silly vacuum-fs purging C:\Users\siume\AppData\Roaming\npm-cache\readable-stream
442 silly vacuum-fs purging C:\Users\siume\AppData\Roaming\npm-cache\registry-url
443 silly vacuum-fs purging C:\Users\siume\AppData\Roaming\npm-cache\registry-auth-token
444 silly vacuum-fs purging C:\Users\siume\AppData\Roaming\npm-cache\regex-cache
445 silly vacuum-fs purging C:\Users\siume\AppData\Roaming\npm-cache\registry.npmjs.org
446 silly vacuum-fs purging C:\Users\siume\AppData\Roaming\npm-cache\remove-trailing-separator
447 silly vacuum-fs purging C:\Users\siume\AppData\Roaming\npm-cache\repeat-string
448 silly vacuum-fs purging C:\Users\siume\AppData\Roaming\npm-cache\safe-buffer
449 silly vacuum-fs purging C:\Users\siume\AppData\Roaming\npm-cache\repeat-element
450 silly vacuum-fs purging C:\Users\siume\AppData\Roaming\npm-cache\semver
451 silly vacuum-fs purging C:\Users\siume\AppData\Roaming\npm-cache\shebang-command
452 silly vacuum-fs purging C:\Users\siume\AppData\Roaming\npm-cache\set-immediate-shim
453 silly vacuum-fs purging C:\Users\siume\AppData\Roaming\npm-cache\semver-diff
454 silly vacuum-fs purging C:\Users\siume\AppData\Roaming\npm-cache\shebang-regex
455 silly vacuum-fs purging C:\Users\siume\AppData\Roaming\npm-cache\split
456 silly vacuum-fs purging C:\Users\siume\AppData\Roaming\npm-cache\stream-combiner
457 silly vacuum-fs purging C:\Users\siume\AppData\Roaming\npm-cache\signal-exit
458 silly vacuum-fs purging C:\Users\siume\AppData\Roaming\npm-cache\string_decoder
459 silly vacuum-fs purging C:\Users\siume\AppData\Roaming\npm-cache\strip-eof
460 silly vacuum-fs purging C:\Users\siume\AppData\Roaming\npm-cache\string-width
461 silly vacuum-fs purging C:\Users\siume\AppData\Roaming\npm-cache\strip-ansi
462 silly vacuum-fs purging C:\Users\siume\AppData\Roaming\npm-cache\strip-json-comments
463 silly vacuum-fs purging C:\Users\siume\AppData\Roaming\npm-cache\term-size
464 silly vacuum-fs purging C:\Users\siume\AppData\Roaming\npm-cache\supports-color
465 silly vacuum-fs purging C:\Users\siume\AppData\Roaming\npm-cache\through
466 silly vacuum-fs purging C:\Users\siume\AppData\Roaming\npm-cache\unique-string
467 silly vacuum-fs purging C:\Users\siume\AppData\Roaming\npm-cache\touch
468 silly vacuum-fs purging C:\Users\siume\AppData\Roaming\npm-cache\undefsafe
469 silly vacuum-fs purging C:\Users\siume\AppData\Roaming\npm-cache\timed-out
470 silly vacuum-fs purging C:\Users\siume\AppData\Roaming\npm-cache\url-parse-lax
471 silly vacuum-fs purging C:\Users\siume\AppData\Roaming\npm-cache\update-notifier
472 silly vacuum-fs purging C:\Users\siume\AppData\Roaming\npm-cache\util-deprecate
473 silly vacuum-fs purging C:\Users\siume\AppData\Roaming\npm-cache\unzip-response
474 silly vacuum-fs purging C:\Users\siume\AppData\Roaming\npm-cache\xdg-basedir
475 silly vacuum-fs purging C:\Users\siume\AppData\Roaming\npm-cache\which
476 silly vacuum-fs purging C:\Users\siume\AppData\Roaming\npm-cache\write-file-atomic
477 silly vacuum-fs purging C:\Users\siume\AppData\Roaming\npm-cache\widest-line
478 silly vacuum-fs purging C:\Users\siume\AppData\Roaming\npm-cache\yallist
479 silly vacuum-fs quitting because other entries in C:\Users\siume\AppData\Roaming\npm-cache
480 silly vacuum-fs quitting because other entries in C:\Users\siume\AppData\Roaming\npm-cache
481 silly vacuum-fs quitting because other entries in C:\Users\siume\AppData\Roaming\npm-cache
482 silly vacuum-fs quitting because other entries in C:\Users\siume\AppData\Roaming\npm-cache
483 silly vacuum-fs quitting because other entries in C:\Users\siume\AppData\Roaming\npm-cache
484 silly vacuum-fs quitting because other entries in C:\Users\siume\AppData\Roaming\npm-cache
485 silly vacuum-fs quitting because other entries in C:\Users\siume\AppData\Roaming\npm-cache
486 silly vacuum-fs quitting because other entries in C:\Users\siume\AppData\Roaming\npm-cache
487 silly vacuum-fs quitting because other entries in C:\Users\siume\AppData\Roaming\npm-cache
488 silly vacuum-fs quitting because other entries in C:\Users\siume\AppData\Roaming\npm-cache
489 silly vacuum-fs quitting because other entries in C:\Users\siume\AppData\Roaming\npm-cache
490 silly vacuum-fs quitting because other entries in C:\Users\siume\AppData\Roaming\npm-cache
491 silly vacuum-fs quitting because other entries in C:\Users\siume\AppData\Roaming\npm-cache
492 silly vacuum-fs removing C:\Users\siume\AppData\Roaming\npm-cache
493 silly vacuum-fs removing C:\Users\siume\AppData\Roaming\npm-cache
494 silly vacuum-fs removing C:\Users\siume\AppData\Roaming\npm-cache
495 silly vacuum-fs removing C:\Users\siume\AppData\Roaming\npm-cache
496 silly vacuum-fs removing C:\Users\siume\AppData\Roaming\npm-cache
497 silly vacuum-fs removing C:\Users\siume\AppData\Roaming\npm-cache
498 silly vacuum-fs removing C:\Users\siume\AppData\Roaming\npm-cache
499 silly vacuum-fs removing C:\Users\siume\AppData\Roaming\npm-cache
500 silly vacuum-fs removing C:\Users\siume\AppData\Roaming\npm-cache
501 silly vacuum-fs removing C:\Users\siume\AppData\Roaming\npm-cache
502 silly vacuum-fs removing C:\Users\siume\AppData\Roaming\npm-cache
503 silly vacuum-fs removing C:\Users\siume\AppData\Roaming\npm-cache
504 silly vacuum-fs removing C:\Users\siume\AppData\Roaming\npm-cache
505 silly vacuum-fs removing C:\Users\siume\AppData\Roaming\npm-cache
506 silly vacuum-fs removing C:\Users\siume\AppData\Roaming\npm-cache
507 silly vacuum-fs removing C:\Users\siume\AppData\Roaming\npm-cache
508 silly vacuum-fs removing C:\Users\siume\AppData\Roaming\npm-cache
509 silly vacuum-fs removing C:\Users\siume\AppData\Roaming\npm-cache
510 silly vacuum-fs removing C:\Users\siume\AppData\Roaming\npm-cache
511 silly vacuum-fs removing C:\Users\siume\AppData\Roaming\npm-cache
512 silly vacuum-fs removing C:\Users\siume\AppData\Roaming\npm-cache
513 silly vacuum-fs removing C:\Users\siume\AppData\Roaming\npm-cache
514 silly vacuum-fs removing C:\Users\siume\AppData\Roaming\npm-cache
515 silly vacuum-fs removing C:\Users\siume\AppData\Roaming\npm-cache
516 silly vacuum-fs removing C:\Users\siume\AppData\Roaming\npm-cache
517 silly vacuum-fs removing C:\Users\siume\AppData\Roaming\npm-cache
518 silly vacuum-fs removing C:\Users\siume\AppData\Roaming\npm-cache
519 silly vacuum-fs removing C:\Users\siume\AppData\Roaming\npm-cache
520 silly vacuum-fs removing C:\Users\siume\AppData\Roaming\npm-cache
521 silly vacuum-fs removing C:\Users\siume\AppData\Roaming\npm-cache
522 silly vacuum-fs removing C:\Users\siume\AppData\Roaming\npm-cache
523 silly vacuum-fs removing C:\Users\siume\AppData\Roaming\npm-cache
524 silly vacuum-fs removing C:\Users\siume\AppData\Roaming\npm-cache
525 silly vacuum-fs removing C:\Users\siume\AppData\Roaming\npm-cache
526 silly vacuum-fs removing C:\Users\siume\AppData\Roaming\npm-cache
527 silly vacuum-fs removing C:\Users\siume\AppData\Roaming\npm-cache
528 silly vacuum-fs removing C:\Users\siume\AppData\Roaming\npm-cache
529 silly vacuum-fs removing C:\Users\siume\AppData\Roaming\npm-cache
530 silly vacuum-fs removing C:\Users\siume\AppData\Roaming\npm-cache
531 silly vacuum-fs removing C:\Users\siume\AppData\Roaming\npm-cache
532 silly vacuum-fs removing C:\Users\siume\AppData\Roaming\npm-cache
533 silly vacuum-fs removing C:\Users\siume\AppData\Roaming\npm-cache
534 silly vacuum-fs removing C:\Users\siume\AppData\Roaming\npm-cache
535 silly vacuum-fs removing C:\Users\siume\AppData\Roaming\npm-cache
536 silly vacuum-fs removing C:\Users\siume\AppData\Roaming\npm-cache
537 silly vacuum-fs removing C:\Users\siume\AppData\Roaming\npm-cache
538 silly vacuum-fs removing C:\Users\siume\AppData\Roaming\npm-cache
539 silly vacuum-fs removing C:\Users\siume\AppData\Roaming\npm-cache
540 silly vacuum-fs removing C:\Users\siume\AppData\Roaming\npm-cache
541 silly vacuum-fs removing C:\Users\siume\AppData\Roaming\npm-cache
542 silly vacuum-fs removing C:\Users\siume\AppData\Roaming\npm-cache
543 silly vacuum-fs removing C:\Users\siume\AppData\Roaming\npm-cache
544 silly vacuum-fs removing C:\Users\siume\AppData\Roaming\npm-cache
545 silly vacuum-fs removing C:\Users\siume\AppData\Roaming\npm-cache
546 silly vacuum-fs removing C:\Users\siume\AppData\Roaming\npm-cache
547 silly vacuum-fs removing C:\Users\siume\AppData\Roaming\npm-cache
548 silly vacuum-fs removing C:\Users\siume\AppData\Roaming\npm-cache
549 silly vacuum-fs removing C:\Users\siume\AppData\Roaming\npm-cache
550 silly vacuum-fs removing C:\Users\siume\AppData\Roaming\npm-cache
551 silly vacuum-fs removing C:\Users\siume\AppData\Roaming\npm-cache
552 silly vacuum-fs removing C:\Users\siume\AppData\Roaming\npm-cache
553 silly vacuum-fs removing C:\Users\siume\AppData\Roaming\npm-cache
554 silly vacuum-fs removing C:\Users\siume\AppData\Roaming\npm-cache
555 silly vacuum-fs removing C:\Users\siume\AppData\Roaming\npm-cache
556 silly vacuum-fs removing C:\Users\siume\AppData\Roaming\npm-cache
557 silly vacuum-fs removing C:\Users\siume\AppData\Roaming\npm-cache
558 silly vacuum-fs removing C:\Users\siume\AppData\Roaming\npm-cache
559 silly vacuum-fs removing C:\Users\siume\AppData\Roaming\npm-cache
560 silly vacuum-fs removing C:\Users\siume\AppData\Roaming\npm-cache
561 silly vacuum-fs removing C:\Users\siume\AppData\Roaming\npm-cache
562 silly vacuum-fs removing C:\Users\siume\AppData\Roaming\npm-cache
563 silly vacuum-fs removing C:\Users\siume\AppData\Roaming\npm-cache
564 silly vacuum-fs removing C:\Users\siume\AppData\Roaming\npm-cache
565 silly vacuum-fs removing C:\Users\siume\AppData\Roaming\npm-cache
566 silly vacuum-fs removing C:\Users\siume\AppData\Roaming\npm-cache
567 silly vacuum-fs removing C:\Users\siume\AppData\Roaming\npm-cache
568 silly vacuum-fs removing C:\Users\siume\AppData\Roaming\npm-cache
569 silly vacuum-fs removing C:\Users\siume\AppData\Roaming\npm-cache
570 silly vacuum-fs removing C:\Users\siume\AppData\Roaming\npm-cache
571 silly vacuum-fs removing C:\Users\siume\AppData\Roaming\npm-cache
572 silly vacuum-fs removing C:\Users\siume\AppData\Roaming\npm-cache
573 silly vacuum-fs removing C:\Users\siume\AppData\Roaming\npm-cache
574 silly vacuum-fs removing C:\Users\siume\AppData\Roaming\npm-cache
575 silly vacuum-fs removing C:\Users\siume\AppData\Roaming\npm-cache
576 silly vacuum-fs removing C:\Users\siume\AppData\Roaming\npm-cache
577 silly vacuum-fs removing C:\Users\siume\AppData\Roaming\npm-cache
578 silly vacuum-fs removing C:\Users\siume\AppData\Roaming\npm-cache
579 silly vacuum-fs removing C:\Users\siume\AppData\Roaming\npm-cache
580 silly vacuum-fs removing C:\Users\siume\AppData\Roaming\npm-cache
581 silly vacuum-fs removing C:\Users\siume\AppData\Roaming\npm-cache
582 silly vacuum-fs removing C:\Users\siume\AppData\Roaming\npm-cache
583 silly vacuum-fs removing C:\Users\siume\AppData\Roaming\npm-cache
584 silly vacuum-fs removing C:\Users\siume\AppData\Roaming\npm-cache
585 silly vacuum-fs removing C:\Users\siume\AppData\Roaming\npm-cache
586 silly vacuum-fs removing C:\Users\siume\AppData\Roaming\npm-cache
587 silly vacuum-fs removing C:\Users\siume\AppData\Roaming\npm-cache
588 silly vacuum-fs removing C:\Users\siume\AppData\Roaming\npm-cache
589 silly vacuum-fs removing C:\Users\siume\AppData\Roaming\npm-cache
590 silly vacuum-fs removing C:\Users\siume\AppData\Roaming\npm-cache
591 silly vacuum-fs removing C:\Users\siume\AppData\Roaming\npm-cache
592 silly vacuum-fs removing C:\Users\siume\AppData\Roaming\npm-cache
593 silly vacuum-fs removing C:\Users\siume\AppData\Roaming\npm-cache
594 silly vacuum-fs removing C:\Users\siume\AppData\Roaming\npm-cache
595 silly vacuum-fs removing C:\Users\siume\AppData\Roaming\npm-cache
596 silly vacuum-fs removing C:\Users\siume\AppData\Roaming\npm-cache
597 silly vacuum-fs removing C:\Users\siume\AppData\Roaming\npm-cache
598 silly vacuum-fs removing C:\Users\siume\AppData\Roaming\npm-cache
599 silly vacuum-fs removing C:\Users\siume\AppData\Roaming\npm-cache
600 silly vacuum-fs removing C:\Users\siume\AppData\Roaming\npm-cache
601 silly vacuum-fs removing C:\Users\siume\AppData\Roaming\npm-cache
602 silly vacuum-fs removing C:\Users\siume\AppData\Roaming\npm-cache
603 silly vacuum-fs removing C:\Users\siume\AppData\Roaming\npm-cache
604 silly vacuum-fs removing C:\Users\siume\AppData\Roaming\npm-cache
605 silly vacuum-fs removing C:\Users\siume\AppData\Roaming\npm-cache
606 silly vacuum-fs removing C:\Users\siume\AppData\Roaming\npm-cache
607 silly vacuum-fs removing C:\Users\siume\AppData\Roaming\npm-cache
608 silly vacuum-fs removing C:\Users\siume\AppData\Roaming\npm-cache
609 silly vacuum-fs removing C:\Users\siume\AppData\Roaming\npm-cache
610 silly vacuum-fs removing C:\Users\siume\AppData\Roaming\npm-cache
611 silly vacuum-fs removing C:\Users\siume\AppData\Roaming\npm-cache
612 silly vacuum-fs removing C:\Users\siume\AppData\Roaming\npm-cache
613 silly vacuum-fs removing C:\Users\siume\AppData\Roaming\npm-cache
614 silly vacuum-fs removing C:\Users\siume\AppData\Roaming\npm-cache
615 silly vacuum-fs removing C:\Users\siume\AppData\Roaming\npm-cache
616 silly vacuum-fs removing C:\Users\siume\AppData\Roaming\npm-cache
617 silly vacuum-fs removing C:\Users\siume\AppData\Roaming\npm-cache
618 silly vacuum-fs removing C:\Users\siume\AppData\Roaming\npm-cache
619 silly vacuum-fs removing C:\Users\siume\AppData\Roaming\npm-cache
620 silly vacuum-fs removing C:\Users\siume\AppData\Roaming\npm-cache
621 silly vacuum-fs removing C:\Users\siume\AppData\Roaming\npm-cache
622 silly vacuum-fs removing C:\Users\siume\AppData\Roaming\npm-cache
623 silly vacuum-fs removing C:\Users\siume\AppData\Roaming\npm-cache
624 silly vacuum-fs removing C:\Users\siume\AppData\Roaming\npm-cache
625 silly vacuum-fs removing C:\Users\siume\AppData\Roaming\npm-cache
626 silly vacuum-fs removing C:\Users\siume\AppData\Roaming\npm-cache
627 silly vacuum-fs removing C:\Users\siume\AppData\Roaming\npm-cache
628 silly vacuum-fs removing C:\Users\siume\AppData\Roaming\npm-cache
629 silly vacuum-fs removing C:\Users\siume\AppData\Roaming\npm-cache
630 silly vacuum-fs removing C:\Users\siume\AppData\Roaming\npm-cache
631 silly vacuum-fs removing C:\Users\siume\AppData\Roaming\npm-cache
632 silly vacuum-fs removing C:\Users\siume\AppData\Roaming\npm-cache
633 silly vacuum-fs removing C:\Users\siume\AppData\Roaming\npm-cache
634 silly vacuum-fs removing C:\Users\siume\AppData\Roaming\npm-cache
635 silly vacuum-fs removing C:\Users\siume\AppData\Roaming\npm-cache
636 silly vacuum-fs removing C:\Users\siume\AppData\Roaming\npm-cache
637 silly vacuum-fs unable to remove C:\Users\siume\AppData\Roaming\npm-cache due to EPERM: operation not permitted, rmdir 'C:\Users\siume\AppData\Roaming\npm-cache'
638 silly vacuum-fs quitting because lost the race to remove C:\Users\siume\AppData\Roaming\npm-cache
639 silly vacuum-fs quitting because lost the race to remove C:\Users\siume\AppData\Roaming\npm-cache
640 silly vacuum-fs quitting because lost the race to remove C:\Users\siume\AppData\Roaming\npm-cache
641 silly vacuum-fs quitting because lost the race to remove C:\Users\siume\AppData\Roaming\npm-cache
642 silly vacuum-fs quitting because lost the race to remove C:\Users\siume\AppData\Roaming\npm-cache
643 silly vacuum-fs quitting because lost the race to remove C:\Users\siume\AppData\Roaming\npm-cache
644 silly vacuum-fs quitting because lost the race to remove C:\Users\siume\AppData\Roaming\npm-cache
645 silly vacuum-fs quitting because lost the race to remove C:\Users\siume\AppData\Roaming\npm-cache
646 silly vacuum-fs quitting because lost the race to remove C:\Users\siume\AppData\Roaming\npm-cache
647 silly vacuum-fs quitting because lost the race to remove C:\Users\siume\AppData\Roaming\npm-cache
648 silly vacuum-fs quitting because lost the race to remove C:\Users\siume\AppData\Roaming\npm-cache
649 silly vacuum-fs quitting because lost the race to remove C:\Users\siume\AppData\Roaming\npm-cache
650 silly vacuum-fs quitting because lost the race to remove C:\Users\siume\AppData\Roaming\npm-cache
651 silly vacuum-fs quitting because lost the race to remove C:\Users\siume\AppData\Roaming\npm-cache
652 silly vacuum-fs quitting because lost the race to remove C:\Users\siume\AppData\Roaming\npm-cache
653 silly vacuum-fs quitting because lost the race to remove C:\Users\siume\AppData\Roaming\npm-cache
654 silly vacuum-fs quitting because lost the race to remove C:\Users\siume\AppData\Roaming\npm-cache
655 silly vacuum-fs quitting because lost the race to remove C:\Users\siume\AppData\Roaming\npm-cache
656 silly vacuum-fs quitting because lost the race to remove C:\Users\siume\AppData\Roaming\npm-cache
657 silly vacuum-fs quitting because lost the race to remove C:\Users\siume\AppData\Roaming\npm-cache
658 silly vacuum-fs quitting because lost the race to remove C:\Users\siume\AppData\Roaming\npm-cache
659 silly vacuum-fs quitting because lost the race to remove C:\Users\siume\AppData\Roaming\npm-cache
660 silly vacuum-fs quitting because lost the race to remove C:\Users\siume\AppData\Roaming\npm-cache
661 silly vacuum-fs quitting because lost the race to remove C:\Users\siume\AppData\Roaming\npm-cache
662 silly vacuum-fs quitting because lost the race to remove C:\Users\siume\AppData\Roaming\npm-cache
663 silly vacuum-fs quitting because lost the race to remove C:\Users\siume\AppData\Roaming\npm-cache
664 silly vacuum-fs quitting because lost the race to remove C:\Users\siume\AppData\Roaming\npm-cache
665 silly vacuum-fs quitting because lost the race to remove C:\Users\siume\AppData\Roaming\npm-cache
666 silly vacuum-fs quitting because lost the race to remove C:\Users\siume\AppData\Roaming\npm-cache
667 silly vacuum-fs quitting because lost the race to remove C:\Users\siume\AppData\Roaming\npm-cache
668 silly vacuum-fs quitting because lost the race to remove C:\Users\siume\AppData\Roaming\npm-cache
669 silly vacuum-fs quitting because lost the race to remove C:\Users\siume\AppData\Roaming\npm-cache
670 silly vacuum-fs quitting because lost the race to remove C:\Users\siume\AppData\Roaming\npm-cache
671 silly vacuum-fs quitting because lost the race to remove C:\Users\siume\AppData\Roaming\npm-cache
672 silly vacuum-fs quitting because lost the race to remove C:\Users\siume\AppData\Roaming\npm-cache
673 silly vacuum-fs quitting because lost the race to remove C:\Users\siume\AppData\Roaming\npm-cache
674 silly vacuum-fs quitting because lost the race to remove C:\Users\siume\AppData\Roaming\npm-cache
675 silly vacuum-fs quitting because lost the race to remove C:\Users\siume\AppData\Roaming\npm-cache
676 silly vacuum-fs quitting because lost the race to remove C:\Users\siume\AppData\Roaming\npm-cache
677 silly vacuum-fs quitting because lost the race to remove C:\Users\siume\AppData\Roaming\npm-cache
678 silly vacuum-fs quitting because lost the race to remove C:\Users\siume\AppData\Roaming\npm-cache
679 silly vacuum-fs quitting because lost the race to remove C:\Users\siume\AppData\Roaming\npm-cache
680 silly vacuum-fs quitting because lost the race to remove C:\Users\siume\AppData\Roaming\npm-cache
681 silly vacuum-fs quitting because lost the race to remove C:\Users\siume\AppData\Roaming\npm-cache
682 silly vacuum-fs quitting because lost the race to remove C:\Users\siume\AppData\Roaming\npm-cache
683 silly vacuum-fs quitting because lost the race to remove C:\Users\siume\AppData\Roaming\npm-cache
684 silly vacuum-fs quitting because lost the race to remove C:\Users\siume\AppData\Roaming\npm-cache
685 silly vacuum-fs quitting because lost the race to remove C:\Users\siume\AppData\Roaming\npm-cache
686 silly vacuum-fs quitting because lost the race to remove C:\Users\siume\AppData\Roaming\npm-cache
687 silly vacuum-fs quitting because lost the race to remove C:\Users\siume\AppData\Roaming\npm-cache
688 silly vacuum-fs quitting because lost the race to remove C:\Users\siume\AppData\Roaming\npm-cache
689 silly vacuum-fs quitting because lost the race to remove C:\Users\siume\AppData\Roaming\npm-cache
690 silly vacuum-fs quitting because lost the race to remove C:\Users\siume\AppData\Roaming\npm-cache
691 silly vacuum-fs quitting because lost the race to remove C:\Users\siume\AppData\Roaming\npm-cache
692 silly vacuum-fs quitting because lost the race to remove C:\Users\siume\AppData\Roaming\npm-cache
693 silly vacuum-fs quitting because lost the race to remove C:\Users\siume\AppData\Roaming\npm-cache
694 silly vacuum-fs quitting because lost the race to remove C:\Users\siume\AppData\Roaming\npm-cache
695 silly vacuum-fs quitting because lost the race to remove C:\Users\siume\AppData\Roaming\npm-cache
696 silly vacuum-fs quitting because lost the race to remove C:\Users\siume\AppData\Roaming\npm-cache
697 silly vacuum-fs quitting because lost the race to remove C:\Users\siume\AppData\Roaming\npm-cache
698 silly vacuum-fs quitting because lost the race to remove C:\Users\siume\AppData\Roaming\npm-cache
699 silly vacuum-fs quitting because lost the race to remove C:\Users\siume\AppData\Roaming\npm-cache
700 silly vacuum-fs quitting because lost the race to remove C:\Users\siume\AppData\Roaming\npm-cache
701 silly vacuum-fs quitting because lost the race to remove C:\Users\siume\AppData\Roaming\npm-cache
702 silly vacuum-fs quitting because lost the race to remove C:\Users\siume\AppData\Roaming\npm-cache
703 silly vacuum-fs quitting because lost the race to remove C:\Users\siume\AppData\Roaming\npm-cache
704 silly vacuum-fs quitting because lost the race to remove C:\Users\siume\AppData\Roaming\npm-cache
705 silly vacuum-fs quitting because lost the race to remove C:\Users\siume\AppData\Roaming\npm-cache
706 silly vacuum-fs quitting because lost the race to remove C:\Users\siume\AppData\Roaming\npm-cache
707 silly vacuum-fs quitting because lost the race to remove C:\Users\siume\AppData\Roaming\npm-cache
708 silly vacuum-fs quitting because lost the race to remove C:\Users\siume\AppData\Roaming\npm-cache
709 silly vacuum-fs quitting because lost the race to remove C:\Users\siume\AppData\Roaming\npm-cache
710 silly vacuum-fs quitting because lost the race to remove C:\Users\siume\AppData\Roaming\npm-cache
711 silly vacuum-fs quitting because lost the race to remove C:\Users\siume\AppData\Roaming\npm-cache
712 silly vacuum-fs quitting because lost the race to remove C:\Users\siume\AppData\Roaming\npm-cache
713 silly vacuum-fs quitting because lost the race to remove C:\Users\siume\AppData\Roaming\npm-cache
714 silly vacuum-fs quitting because lost the race to remove C:\Users\siume\AppData\Roaming\npm-cache
715 silly vacuum-fs quitting because lost the race to remove C:\Users\siume\AppData\Roaming\npm-cache
716 silly vacuum-fs quitting because lost the race to remove C:\Users\siume\AppData\Roaming\npm-cache
717 silly vacuum-fs quitting because lost the race to remove C:\Users\siume\AppData\Roaming\npm-cache
718 silly vacuum-fs quitting because lost the race to remove C:\Users\siume\AppData\Roaming\npm-cache
719 silly vacuum-fs quitting because lost the race to remove C:\Users\siume\AppData\Roaming\npm-cache
720 silly vacuum-fs quitting because lost the race to remove C:\Users\siume\AppData\Roaming\npm-cache
721 silly vacuum-fs quitting because lost the race to remove C:\Users\siume\AppData\Roaming\npm-cache
722 silly vacuum-fs quitting because lost the race to remove C:\Users\siume\AppData\Roaming\npm-cache
723 silly vacuum-fs quitting because lost the race to remove C:\Users\siume\AppData\Roaming\npm-cache
724 silly vacuum-fs quitting because lost the race to remove C:\Users\siume\AppData\Roaming\npm-cache
725 silly vacuum-fs quitting because lost the race to remove C:\Users\siume\AppData\Roaming\npm-cache
726 silly vacuum-fs quitting because lost the race to remove C:\Users\siume\AppData\Roaming\npm-cache
727 silly vacuum-fs quitting because lost the race to remove C:\Users\siume\AppData\Roaming\npm-cache
728 silly vacuum-fs quitting because lost the race to remove C:\Users\siume\AppData\Roaming\npm-cache
729 silly vacuum-fs quitting because lost the race to remove C:\Users\siume\AppData\Roaming\npm-cache
730 silly vacuum-fs quitting because lost the race to remove C:\Users\siume\AppData\Roaming\npm-cache
731 silly vacuum-fs quitting because lost the race to remove C:\Users\siume\AppData\Roaming\npm-cache
732 silly vacuum-fs quitting because lost the race to remove C:\Users\siume\AppData\Roaming\npm-cache
733 silly vacuum-fs quitting because lost the race to remove C:\Users\siume\AppData\Roaming\npm-cache
734 silly vacuum-fs quitting because lost the race to remove C:\Users\siume\AppData\Roaming\npm-cache
735 silly vacuum-fs quitting because lost the race to remove C:\Users\siume\AppData\Roaming\npm-cache
736 silly vacuum-fs quitting because lost the race to remove C:\Users\siume\AppData\Roaming\npm-cache
737 silly vacuum-fs quitting because lost the race to remove C:\Users\siume\AppData\Roaming\npm-cache
738 silly vacuum-fs quitting because lost the race to remove C:\Users\siume\AppData\Roaming\npm-cache
739 silly vacuum-fs quitting because lost the race to remove C:\Users\siume\AppData\Roaming\npm-cache
740 silly vacuum-fs quitting because lost the race to remove C:\Users\siume\AppData\Roaming\npm-cache
741 silly vacuum-fs quitting because lost the race to remove C:\Users\siume\AppData\Roaming\npm-cache
742 silly vacuum-fs quitting because lost the race to remove C:\Users\siume\AppData\Roaming\npm-cache
743 silly vacuum-fs quitting because lost the race to remove C:\Users\siume\AppData\Roaming\npm-cache
744 silly vacuum-fs quitting because lost the race to remove C:\Users\siume\AppData\Roaming\npm-cache
745 silly vacuum-fs quitting because lost the race to remove C:\Users\siume\AppData\Roaming\npm-cache
746 silly vacuum-fs quitting because lost the race to remove C:\Users\siume\AppData\Roaming\npm-cache
747 silly vacuum-fs quitting because lost the race to remove C:\Users\siume\AppData\Roaming\npm-cache
748 silly vacuum-fs quitting because lost the race to remove C:\Users\siume\AppData\Roaming\npm-cache
749 silly vacuum-fs quitting because lost the race to remove C:\Users\siume\AppData\Roaming\npm-cache
750 silly vacuum-fs quitting because lost the race to remove C:\Users\siume\AppData\Roaming\npm-cache
751 silly vacuum-fs quitting because lost the race to remove C:\Users\siume\AppData\Roaming\npm-cache
752 silly vacuum-fs quitting because lost the race to remove C:\Users\siume\AppData\Roaming\npm-cache
753 silly vacuum-fs quitting because lost the race to remove C:\Users\siume\AppData\Roaming\npm-cache
754 silly vacuum-fs quitting because lost the race to remove C:\Users\siume\AppData\Roaming\npm-cache
755 silly vacuum-fs quitting because lost the race to remove C:\Users\siume\AppData\Roaming\npm-cache
756 silly vacuum-fs quitting because lost the race to remove C:\Users\siume\AppData\Roaming\npm-cache
757 silly vacuum-fs quitting because lost the race to remove C:\Users\siume\AppData\Roaming\npm-cache
758 silly vacuum-fs quitting because lost the race to remove C:\Users\siume\AppData\Roaming\npm-cache
759 silly vacuum-fs quitting because lost the race to remove C:\Users\siume\AppData\Roaming\npm-cache
760 silly vacuum-fs quitting because lost the race to remove C:\Users\siume\AppData\Roaming\npm-cache
761 silly vacuum-fs quitting because lost the race to remove C:\Users\siume\AppData\Roaming\npm-cache
762 silly vacuum-fs quitting because lost the race to remove C:\Users\siume\AppData\Roaming\npm-cache
763 silly vacuum-fs quitting because lost the race to remove C:\Users\siume\AppData\Roaming\npm-cache
764 silly vacuum-fs quitting because lost the race to remove C:\Users\siume\AppData\Roaming\npm-cache
765 silly vacuum-fs quitting because lost the race to remove C:\Users\siume\AppData\Roaming\npm-cache
766 silly vacuum-fs quitting because lost the race to remove C:\Users\siume\AppData\Roaming\npm-cache
767 silly vacuum-fs quitting because lost the race to remove C:\Users\siume\AppData\Roaming\npm-cache
768 silly vacuum-fs quitting because lost the race to remove C:\Users\siume\AppData\Roaming\npm-cache
769 silly vacuum-fs quitting because lost the race to remove C:\Users\siume\AppData\Roaming\npm-cache
770 silly vacuum-fs quitting because lost the race to remove C:\Users\siume\AppData\Roaming\npm-cache
771 silly vacuum-fs quitting because lost the race to remove C:\Users\siume\AppData\Roaming\npm-cache
772 silly vacuum-fs quitting because lost the race to remove C:\Users\siume\AppData\Roaming\npm-cache
773 silly vacuum-fs quitting because lost the race to remove C:\Users\siume\AppData\Roaming\npm-cache
774 silly vacuum-fs quitting because lost the race to remove C:\Users\siume\AppData\Roaming\npm-cache
775 silly vacuum-fs quitting because lost the race to remove C:\Users\siume\AppData\Roaming\npm-cache
776 silly vacuum-fs quitting because lost the race to remove C:\Users\siume\AppData\Roaming\npm-cache
777 silly vacuum-fs quitting because lost the race to remove C:\Users\siume\AppData\Roaming\npm-cache
778 silly vacuum-fs quitting because lost the race to remove C:\Users\siume\AppData\Roaming\npm-cache
779 silly vacuum-fs quitting because other entries in C:\Users\siume\AppData\Roaming
780 silly vacuum-fs quitting because other entries in C:\Users\siume\AppData\Roaming
781 silly vacuum-fs quitting because other entries in C:\Users\siume\AppData\Roaming
782 verbose stack Error: EPERM: operation not permitted, rmdir 'C:\Users\siume\AppData\Roaming\npm-cache'
782 verbose stack     at Error (native)
783 verbose cwd D:\GDM\2CMO\2CMO_SEM2\CMT4\Demo\node-express-voorbeelden-7\mobiel-nieuws-demo
784 error Windows_NT 10.0.15063
785 error argv "C:\\Program Files\\nodejs\\node.exe" "C:\\Program Files\\nodejs\\node_modules\\npm\\bin\\npm-cli.js" "cache" "clean"
786 error node v6.11.3
787 error npm  v3.10.10
788 error path C:\Users\siume\AppData\Roaming\npm-cache
789 error code EPERM
790 error errno -4048
791 error syscall rmdir
792 error Error: EPERM: operation not permitted, rmdir 'C:\Users\siume\AppData\Roaming\npm-cache'
792 error     at Error (native)
792 error  { Error: EPERM: operation not permitted, rmdir 'C:\Users\siume\AppData\Roaming\npm-cache'
792 error     at Error (native)
792 error   errno: -4048,
792 error   code: 'EPERM',
792 error   syscall: 'rmdir',
792 error   path: 'C:\\Users\\siume\\AppData\\Roaming\\npm-cache' }
793 error Please try running this command again as root/Administrator.
794 verbose exit [ -4048, true ]
